<?xml version="1.0" encoding="UTF-8"?>
<!-- Generated by org.testng.reporters.JUnitReportReporter -->
<testsuite skipped="0" hostname="FLEX5" name="com.test.DemoTest2" tests="1" failures="0" timestamp="26 Feb 2023 12:41:13 GMT" time="0.002" errors="0">
  <testcase name="test01" time="0.002" classname="com.test.DemoTest2"/>
</testsuite> <!-- com.test.DemoTest2 -->
