<?xml version="1.0" encoding="UTF-8"?>
<!-- Generated by org.testng.reporters.JUnitReportReporter -->
<testsuite skipped="0" hostname="FLEX5" name="restassured.JiraAPIs" tests="1" failures="0" timestamp="10 Mar 2023 03:46:38 GMT" time="1.731" errors="0">
  <testcase name="deleteComment" time="1.731" classname="restassured.JiraAPIs"/>
</testsuite> <!-- restassured.JiraAPIs -->
